<?xml version="1.0" encoding="UTF-8"?>
<testsuite name="com.target.utils.extensions.ExampleUnitTest" tests="1" skipped="0" failures="0" errors="0" timestamp="2022-03-22T23:00:30" hostname="192.168.1.3" time="0.004">
  <properties/>
  <testcase name="addition_isCorrect" classname="com.target.utils.extensions.ExampleUnitTest" time="0.004"/>
  <system-out><![CDATA[]]></system-out>
  <system-err><![CDATA[]]></system-err>
</testsuite>
